#
# A fatal error has been detected by the Java Runtime Environment:
#
#  EXCEPTION_ACCESS_VIOLATION (0xc0000005) at pc=0x0000000068c4afbf, pid=1640, tid=5960
#
# JRE version: Java(TM) SE Runtime Environment (8.0_11-b12) (build 1.8.0_11-b12)
# Java VM: Java HotSpot(TM) 64-Bit Server VM (25.11-b03 mixed mode windows-amd64 compressed oops)
# Problematic frame:
# V  [jvm.dll+0x48afbf]
#
# Failed to write core dump. Minidumps are not enabled by default on client versions of Windows
#
# If you would like to submit a bug report, please visit:
#   http://bugreport.sun.com/bugreport/crash.jsp
#

---------------  T H R E A D  ---------------

Current thread (0x0000000055fd5000):  JavaThread "C2 CompilerThread0" daemon [_thread_in_native, id=5960, stack(0x0000000056840000,0x0000000056940000)]

siginfo: ExceptionCode=0xc0000005, reading address 0x0000000000000008

Registers:
RAX=0x0000000000000000, RBX=0x0000000000000000, RCX=0x00000000562efcb0, RDX=0x0000000000001000
RSP=0x000000005693bec0, RBP=0x0000000056308930, RSI=0x00000000562efcb0, RDI=0x000000005693c390
R8 =0x0000000000000000, R9 =0x00000000560faf80, R10=0x000000005693c390, R11=0x0000000056fbaa60
R12=0x0000000056247420, R13=0x0000000056358220, R14=0x000000005693bfa8, R15=0x000000005693bfc8
RIP=0x0000000068c4afbf, EFLAGS=0x0000000000010202

Top of Stack: (sp=0x000000005693bec0)
0x000000005693bec0:   0000000056332b68 0000000056308930
0x000000005693bed0:   00000000562efcb0 000000005693c390
0x000000005693bee0:   0000000056308930 000000005693c018
0x000000005693bef0:   000000005693c070 0000000068c4c7e9
0x000000005693bf00:   0000000056332b68 00000000000002d2
0x000000005693bf10:   0000000000000002 00000000562efcb0
0x000000005693bf20:   000000005693cd60 0000000068c95460
0x000000005693bf30:   0000000056e30080 0000000054993690
0x000000005693bf40:   0000000055feca20 000000005693c070
0x000000005693bf50:   0000000054993690 0000000000000000
0x000000005693bf60:   000000005693c390 0000000068c4e6ff
0x000000005693bf70:   000000005693c390 0000000000000001
0x000000005693bf80:   0000000000000002 0000000055feca20
0x000000005693bf90:   0000000056e300d0 0000000056e38068
0x000000005693bfa0:   0000000000070298 0000000054993690
0x000000005693bfb0:   0000000000000400 0000000056fb79a0 

Instructions: (pc=0x0000000068c4afbf)
0x0000000068c4af9f:   4c 89 64 24 50 4c 8b e0 4c 3b e8 0f 84 4f 01 00
0x0000000068c4afaf:   00 44 8b 43 28 4c 8b 8f f0 09 00 00 4b 8b 1c c1
0x0000000068c4afbf:   48 8b 43 08 48 83 38 00 75 2a 8b 57 28 0f 1f 40
0x0000000068c4afcf:   00 8b 43 28 3b c2 73 0c 8b c8 48 8b 47 30 48 8b 


Register to memory mapping:

RAX=0x0000000000000000 is an unknown value
RBX=0x0000000000000000 is an unknown value
RCX=0x00000000562efcb0 is an unknown value
RDX=0x0000000000001000 is an unknown value
RSP=0x000000005693bec0 is pointing into the stack for thread: 0x0000000055fd5000
RBP=0x0000000056308930 is an unknown value
RSI=0x00000000562efcb0 is an unknown value
RDI=0x000000005693c390 is pointing into the stack for thread: 0x0000000055fd5000
R8 =0x0000000000000000 is an unknown value
R9 =0x00000000560faf80 is an unknown value
R10=0x000000005693c390 is pointing into the stack for thread: 0x0000000055fd5000
R11=0x0000000056fbaa60 is an unknown value
R12=0x0000000056247420 is an unknown value
R13=0x0000000056358220 is an unknown value
R14=0x000000005693bfa8 is pointing into the stack for thread: 0x0000000055fd5000
R15=0x000000005693bfc8 is pointing into the stack for thread: 0x0000000055fd5000


Stack: [0x0000000056840000,0x0000000056940000],  sp=0x000000005693bec0,  free space=1007k
Native frames: (J=compiled Java code, j=interpreted, Vv=VM code, C=native code)
V  [jvm.dll+0x48afbf]
V  [jvm.dll+0x48c7e9]
V  [jvm.dll+0x48e6ff]
V  [jvm.dll+0x442cbe]
V  [jvm.dll+0x4439eb]
V  [jvm.dll+0x427722]
V  [jvm.dll+0x96982]
V  [jvm.dll+0x97173]
V  [jvm.dll+0x2234b4]
V  [jvm.dll+0x27bcca]
C  [msvcr100.dll+0x21d9f]
C  [msvcr100.dll+0x21e3b]
C  [kernel32.dll+0x159ed]
C  [ntdll.dll+0x2c541]


Current CompileTask:
C2:   1543  403       4       gnu.trove.impl.hash.TObjectHash::insertKey (92 bytes)


---------------  P R O C E S S  ---------------

Java Threads: ( => current thread )
  0x000000005604f000 JavaThread "Service Thread" daemon [_thread_blocked, id=7336, stack(0x0000000056d30000,0x0000000056e30000)]
  0x0000000055fea800 JavaThread "C1 CompilerThread2" daemon [_thread_blocked, id=2628, stack(0x0000000056bd0000,0x0000000056cd0000)]
  0x0000000055fdd000 JavaThread "C2 CompilerThread1" daemon [_thread_blocked, id=6876, stack(0x0000000056960000,0x0000000056a60000)]
=>0x0000000055fd5000 JavaThread "C2 CompilerThread0" daemon [_thread_in_native, id=5960, stack(0x0000000056840000,0x0000000056940000)]
  0x0000000055fd3800 JavaThread "Attach Listener" daemon [_thread_blocked, id=7700, stack(0x0000000056660000,0x0000000056760000)]
  0x0000000055fd0800 JavaThread "Signal Dispatcher" daemon [_thread_blocked, id=3768, stack(0x0000000056480000,0x0000000056580000)]
  0x0000000054992000 JavaThread "Finalizer" daemon [_thread_blocked, id=4112, stack(0x0000000055ec0000,0x0000000055fc0000)]
  0x0000000054989000 JavaThread "Reference Handler" daemon [_thread_blocked, id=4100, stack(0x0000000055c60000,0x0000000055d60000)]
  0x000000000228e000 JavaThread "main" [_thread_blocked, id=7300, stack(0x0000000002560000,0x0000000002660000)]

Other Threads:
  0x0000000054985000 VMThread [stack: 0x0000000055a80000,0x0000000055b80000] [id=6588]
  0x000000005606c000 WatcherThread [stack: 0x0000000056ab0000,0x0000000056bb0000] [id=6392]

VM state:at safepoint (normal execution)

VM Mutex/Monitor currently owned by a thread:  ([mutex/lock_event])
[0x000000000228c170] Threads_lock - owner thread: 0x0000000054985000
[0x000000000228c670] Heap_lock - owner thread: 0x000000000228e000

Heap:
 PSYoungGen      total 15360K, used 15352K [0x00000000edb00000, 0x00000000ef280000, 0x0000000100000000)
  eden space 9728K, 100% used [0x00000000edb00000,0x00000000ee480000,0x00000000ee480000)
  from space 5632K, 99% used [0x00000000eeb00000,0x00000000ef07e030,0x00000000ef080000)
  to   space 6656K, 14% used [0x00000000ee480000,0x00000000ee578010,0x00000000eeb00000)
 ParOldGen       total 55808K, used 14514K [0x00000000c9000000, 0x00000000cc680000, 0x00000000edb00000)
  object space 55808K, 26% used [0x00000000c9000000,0x00000000c9e2cab8,0x00000000cc680000)
 Metaspace       used 4141K, capacity 5024K, committed 5120K, reserved 1056768K
  class space    used 471K, capacity 512K, committed 512K, reserved 1048576K

Card table byte_map: [0x0000000011a20000,0x0000000011be0000] byte_map_base: 0x00000000113d8000

Marking Bits: (ParMarkBitMap*) 0x0000000068f712b0
 Begin Bits: [0x00000000122c0000, 0x0000000013080000)
 End Bits:   [0x0000000013080000, 0x0000000013e40000)

Polling page: 0x0000000000430000

CodeCache: size=245760Kb used=2031Kb max_used=2046Kb free=243728Kb
 bounds [0x0000000002660000, 0x00000000028d0000, 0x0000000011660000]
 total_blobs=655 nmethods=401 adapters=169
 compilation: enabled

Compilation events (10 events):
Event: 1.325 Thread 0x0000000055fd5000  403       4       gnu.trove.impl.hash.TObjectHash::insertKey (92 bytes)
Event: 1.346 Thread 0x0000000055fdd000 nmethod 401 0x000000000285e990 code [0x000000000285eb80, 0x000000000285f850]
Event: 1.346 Thread 0x0000000055fdd000  405       4       gnu.trove.impl.hash.TCustomObjectHash::hash (11 bytes)
Event: 1.359 Thread 0x0000000055fdd000 nmethod 405 0x000000000284cf50 code [0x000000000284d0c0, 0x000000000284d548]
Event: 1.359 Thread 0x0000000055fdd000  404   !   4       java.nio.charset.Charset::defaultCharset (65 bytes)
Event: 1.360 Thread 0x0000000055fdd000 nmethod 404 0x000000000284ab90 code [0x000000000284acc0, 0x000000000284ad38]
Event: 1.360 Thread 0x0000000055fdd000  406       4       edu.fudan.util.hash.MurmurHash::hashcode (6 bytes)
Event: 1.371 Thread 0x0000000055fdd000 nmethod 406 0x0000000002853810 code [0x0000000002853960, 0x0000000002853d88]
Event: 1.371 Thread 0x0000000055fdd000  407   !   4       java.lang.StringCoding::encode (64 bytes)
Event: 1.373 Thread 0x0000000055fdd000 nmethod 407 0x0000000002839390 code [0x00000000028394e0, 0x00000000028395c8]

GC Heap History (10 events):
Event: 0.778 GC heap after
Heap after GC invocations=5 (full 0):
 PSYoungGen      total 2560K, used 494K [0x00000000edb00000, 0x00000000ee200000, 0x0000000100000000)
  eden space 2048K, 0% used [0x00000000edb00000,0x00000000edb00000,0x00000000edd00000)
  from space 512K, 96% used [0x00000000edd00000,0x00000000edd7b820,0x00000000edd80000)
  to   space 1536K, 0% used [0x00000000ee080000,0x00000000ee080000,0x00000000ee200000)
 ParOldGen       total 55808K, used 9146K [0x00000000c9000000, 0x00000000cc680000, 0x00000000edb00000)
  object space 55808K, 16% used [0x00000000c9000000,0x00000000c98eea68,0x00000000cc680000)
 Metaspace       used 4127K, capacity 4960K, committed 5120K, reserved 1056768K
  class space    used 471K, capacity 512K, committed 512K, reserved 1048576K
}
Event: 0.870 GC heap before
{Heap before GC invocations=6 (full 0):
 PSYoungGen      total 2560K, used 2526K [0x00000000edb00000, 0x00000000ee200000, 0x0000000100000000)
  eden space 2048K, 99% used [0x00000000edb00000,0x00000000edcfc1f0,0x00000000edd00000)
  from space 512K, 96% used [0x00000000edd00000,0x00000000edd7b820,0x00000000edd80000)
  to   space 1536K, 0% used [0x00000000ee080000,0x00000000ee080000,0x00000000ee200000)
 ParOldGen       total 55808K, used 9146K [0x00000000c9000000, 0x00000000cc680000, 0x00000000edb00000)
  object space 55808K, 16% used [0x00000000c9000000,0x00000000c98eea68,0x00000000cc680000)
 Metaspace       used 4134K, capacity 4960K, committed 5120K, reserved 1056768K
  class space    used 471K, capacity 512K, committed 512K, reserved 1048576K
Event: 0.944 GC heap after
Heap after GC invocations=6 (full 0):
 PSYoungGen      total 5120K, used 1488K [0x00000000edb00000, 0x00000000ee300000, 0x0000000100000000)
  eden space 3584K, 0% used [0x00000000edb00000,0x00000000edb00000,0x00000000ede80000)
  from space 1536K, 96% used [0x00000000ee080000,0x00000000ee1f4050,0x00000000ee200000)
  to   space 2048K, 0% used [0x00000000ede80000,0x00000000ede80000,0x00000000ee080000)
 ParOldGen       total 55808K, used 9146K [0x00000000c9000000, 0x00000000cc680000, 0x00000000edb00000)
  object space 55808K, 16% used [0x00000000c9000000,0x00000000c98eea68,0x00000000cc680000)
 Metaspace       used 4134K, capacity 4960K, committed 5120K, reserved 1056768K
  class space    used 471K, capacity 512K, committed 512K, reserved 1048576K
}
Event: 1.011 GC heap before
{Heap before GC invocations=7 (full 0):
 PSYoungGen      total 5120K, used 5072K [0x00000000edb00000, 0x00000000ee300000, 0x0000000100000000)
  eden space 3584K, 100% used [0x00000000edb00000,0x00000000ede80000,0x00000000ede80000)
  from space 1536K, 96% used [0x00000000ee080000,0x00000000ee1f4050,0x00000000ee200000)
  to   space 2048K, 0% used [0x00000000ede80000,0x00000000ede80000,0x00000000ee080000)
 ParOldGen       total 55808K, used 9146K [0x00000000c9000000, 0x00000000cc680000, 0x00000000edb00000)
  object space 55808K, 16% used [0x00000000c9000000,0x00000000c98eea68,0x00000000cc680000)
 Metaspace       used 4138K, capacity 4960K, committed 5120K, reserved 1056768K
  class space    used 471K, capacity 512K, committed 512K, reserved 1048576K
Event: 1.057 GC heap after
Heap after GC invocations=7 (full 0):
 PSYoungGen      total 5632K, used 2028K [0x00000000edb00000, 0x00000000ee800000, 0x0000000100000000)
  eden space 3584K, 0% used [0x00000000edb00000,0x00000000edb00000,0x00000000ede80000)
  from space 2048K, 99% used [0x00000000ede80000,0x00000000ee07b030,0x00000000ee080000)
  to   space 3072K, 0% used [0x00000000ee500000,0x00000000ee500000,0x00000000ee800000)
 ParOldGen       total 55808K, used 10258K [0x00000000c9000000, 0x00000000cc680000, 0x00000000edb00000)
  object space 55808K, 18% used [0x00000000c9000000,0x00000000c9a04ab8,0x00000000cc680000)
 Metaspace       used 4138K, capacity 4960K, committed 5120K, reserved 1056768K
  class space    used 471K, capacity 512K, committed 512K, reserved 1048576K
}
Event: 1.122 GC heap before
{Heap before GC invocations=8 (full 0):
 PSYoungGen      total 5632K, used 5612K [0x00000000edb00000, 0x00000000ee800000, 0x0000000100000000)
  eden space 3584K, 100% used [0x00000000edb00000,0x00000000ede80000,0x00000000ede80000)
  from space 2048K, 99% used [0x00000000ede80000,0x00000000ee07b030,0x00000000ee080000)
  to   space 3072K, 0% used [0x00000000ee500000,0x00000000ee500000,0x00000000ee800000)
 ParOldGen       total 55808K, used 10258K [0x00000000c9000000, 0x00000000cc680000, 0x00000000edb00000)
  object space 55808K, 18% used [0x00000000c9000000,0x00000000c9a04ab8,0x00000000cc680000)
 Metaspace       used 4138K, capacity 4960K, committed 5120K, reserved 1056768K
  class space    used 471K, capacity 512K, committed 512K, reserved 1048576K
Event: 1.203 GC heap after
Heap after GC invocations=8 (full 0):
 PSYoungGen      total 9728K, used 3052K [0x00000000edb00000, 0x00000000ee900000, 0x0000000100000000)
  eden space 6656K, 0% used [0x00000000edb00000,0x00000000edb00000,0x00000000ee180000)
  from space 3072K, 99% used [0x00000000ee500000,0x00000000ee7fb030,0x00000000ee800000)
  to   space 3584K, 0% used [0x00000000ee180000,0x00000000ee180000,0x00000000ee500000)
 ParOldGen       total 55808K, used 10882K [0x00000000c9000000, 0x00000000cc680000, 0x00000000edb00000)
  object space 55808K, 19% used [0x00000000c9000000,0x00000000c9aa0ab8,0x00000000cc680000)
 Metaspace       used 4138K, capacity 4960K, committed 5120K, reserved 1056768K
  class space    used 471K, capacity 512K, committed 512K, reserved 1048576K
}
Event: 1.266 GC heap before
{Heap before GC invocations=9 (full 0):
 PSYoungGen      total 9728K, used 9708K [0x00000000edb00000, 0x00000000ee900000, 0x0000000100000000)
  eden space 6656K, 100% used [0x00000000edb00000,0x00000000ee180000,0x00000000ee180000)
  from space 3072K, 99% used [0x00000000ee500000,0x00000000ee7fb030,0x00000000ee800000)
  to   space 3584K, 0% used [0x00000000ee180000,0x00000000ee180000,0x00000000ee500000)
 ParOldGen       total 55808K, used 10882K [0x00000000c9000000, 0x00000000cc680000, 0x00000000edb00000)
  object space 55808K, 19% used [0x00000000c9000000,0x00000000c9aa0ab8,0x00000000cc680000)
 Metaspace       used 4141K, capacity 5024K, committed 5120K, reserved 1056768K
  class space    used 471K, capacity 512K, committed 512K, reserved 1048576K
Event: 1.304 GC heap after
Heap after GC invocations=9 (full 0):
 PSYoungGen      total 10240K, used 3576K [0x00000000edb00000, 0x00000000ef080000, 0x0000000100000000)
  eden space 6656K, 0% used [0x00000000edb00000,0x00000000edb00000,0x00000000ee180000)
  from space 3584K, 99% used [0x00000000ee180000,0x00000000ee4fe030,0x00000000ee500000)
  to   space 5632K, 0% used [0x00000000eeb00000,0x00000000eeb00000,0x00000000ef080000)
 ParOldGen       total 55808K, used 13458K [0x00000000c9000000, 0x00000000cc680000, 0x00000000edb00000)
  object space 55808K, 24% used [0x00000000c9000000,0x00000000c9d24ab8,0x00000000cc680000)
 Metaspace       used 4141K, capacity 5024K, committed 5120K, reserved 1056768K
  class space    used 471K, capacity 512K, committed 512K, reserved 1048576K
}
Event: 1.386 GC heap before
{Heap before GC invocations=10 (full 0):
 PSYoungGen      total 10240K, used 10232K [0x00000000edb00000, 0x00000000ef080000, 0x0000000100000000)
  eden space 6656K, 100% used [0x00000000edb00000,0x00000000ee180000,0x00000000ee180000)
  from space 3584K, 99% used [0x00000000ee180000,0x00000000ee4fe030,0x00000000ee500000)
  to   space 5632K, 0% used [0x00000000eeb00000,0x00000000eeb00000,0x00000000ef080000)
 ParOldGen       total 55808K, used 13458K [0x00000000c9000000, 0x00000000cc680000, 0x00000000edb00000)
  object space 55808K, 24% used [0x00000000c9000000,0x00000000c9d24ab8,0x00000000cc680000)
 Metaspace       used 4141K, capacity 5024K, committed 5120K, reserved 1056768K
  class space    used 471K, capacity 512K, committed 512K, reserved 1048576K

Deoptimization events (1 events):
Event: 0.851 Thread 0x000000000228e000 Uncommon trap: reason=range_check action=make_not_entrant pc=0x0000000002826560 method=sun.nio.cs.ext.DoubleByte$Encoder.encode([CII[B)I @ 80

Internal exceptions (10 events):
Event: 0.616 Thread 0x000000000228e000 Exception <a 'java/security/PrivilegedActionException'> (0x00000000edb95cb8) thrown at [C:\re\workspace\8-2-build-windows-amd64-cygwin\jdk8u11\648\hotspot\src\share\vm\prims\jvm.cpp, line 1248]
Event: 0.618 Thread 0x000000000228e000 Exception <a 'java/security/PrivilegedActionException'> (0x00000000edb9ae08) thrown at [C:\re\workspace\8-2-build-windows-amd64-cygwin\jdk8u11\648\hotspot\src\share\vm\prims\jvm.cpp, line 1248]
Event: 0.619 Thread 0x000000000228e000 Exception <a 'java/security/PrivilegedActionException'> (0x00000000edb9e110) thrown at [C:\re\workspace\8-2-build-windows-amd64-cygwin\jdk8u11\648\hotspot\src\share\vm\prims\jvm.cpp, line 1248]
Event: 0.621 Thread 0x000000000228e000 Exception <a 'java/security/PrivilegedActionException'> (0x00000000edba7818) thrown at [C:\re\workspace\8-2-build-windows-amd64-cygwin\jdk8u11\648\hotspot\src\share\vm\prims\jvm.cpp, line 1248]
Event: 0.627 Thread 0x000000000228e000 Exception <a 'java/security/PrivilegedActionException'> (0x00000000edbbfee0) thrown at [C:\re\workspace\8-2-build-windows-amd64-cygwin\jdk8u11\648\hotspot\src\share\vm\prims\jvm.cpp, line 1248]
Event: 0.629 Thread 0x000000000228e000 Exception <a 'java/security/PrivilegedActionException'> (0x00000000edbc43e0) thrown at [C:\re\workspace\8-2-build-windows-amd64-cygwin\jdk8u11\648\hotspot\src\share\vm\prims\jvm.cpp, line 1248]
Event: 0.630 Thread 0x000000000228e000 Exception <a 'java/security/PrivilegedActionException'> (0x00000000edbc85c0) thrown at [C:\re\workspace\8-2-build-windows-amd64-cygwin\jdk8u11\648\hotspot\src\share\vm\prims\jvm.cpp, line 1248]
Event: 0.631 Thread 0x000000000228e000 Exception <a 'java/security/PrivilegedActionException'> (0x00000000edbcb830) thrown at [C:\re\workspace\8-2-build-windows-amd64-cygwin\jdk8u11\648\hotspot\src\share\vm\prims\jvm.cpp, line 1248]
Event: 0.635 Thread 0x000000000228e000 Exception <a 'java/lang/NoSuchMethodError': <clinit>> (0x00000000edbd6fb8) thrown at [C:\re\workspace\8-2-build-windows-amd64-cygwin\jdk8u11\648\hotspot\src\share\vm\prims\jni.cpp, line 1599]
Event: 0.666 Thread 0x000000000228e000 Exception <a 'java/lang/NoSuchMethodError': <clinit>> (0x00000000edc1bb98) thrown at [C:\re\workspace\8-2-build-windows-amd64-cygwin\jdk8u11\648\hotspot\src\share\vm\prims\jni.cpp, line 1599]

Events (10 events):
Event: 0.851 Thread 0x000000000228e000 DEOPT UNPACKING pc=0x00000000026a73ef sp=0x000000000265da20 mode 2
Event: 0.870 Executing VM operation: ParallelGCFailedAllocation
Event: 0.944 Executing VM operation: ParallelGCFailedAllocation done
Event: 1.011 Executing VM operation: ParallelGCFailedAllocation
Event: 1.057 Executing VM operation: ParallelGCFailedAllocation done
Event: 1.121 Executing VM operation: ParallelGCFailedAllocation
Event: 1.203 Executing VM operation: ParallelGCFailedAllocation done
Event: 1.266 Executing VM operation: ParallelGCFailedAllocation
Event: 1.305 Executing VM operation: ParallelGCFailedAllocation done
Event: 1.386 Executing VM operation: ParallelGCFailedAllocation


Dynamic libraries:
0x000000013fa30000 - 0x000000013fa64000 	C:\Program Files\Java\jre8\bin\javaw.exe
0x0000000077950000 - 0x0000000077af9000 	C:\Windows\SYSTEM32\ntdll.dll
0x00000000775f0000 - 0x000000007770f000 	C:\Windows\system32\kernel32.dll
0x000007fefd5d0000 - 0x000007fefd63c000 	C:\Windows\system32\KERNELBASE.dll
0x000007feff8b0000 - 0x000007feff98b000 	C:\Windows\system32\ADVAPI32.dll
0x000007fefdf60000 - 0x000007fefdfff000 	C:\Windows\system32\msvcrt.dll
0x000007fefde30000 - 0x000007fefde4f000 	C:\Windows\SYSTEM32\sechost.dll
0x000007fefdb40000 - 0x000007fefdc6d000 	C:\Windows\system32\RPCRT4.dll
0x0000000077710000 - 0x000000007780a000 	C:\Windows\system32\USER32.dll
0x000007fefd990000 - 0x000007fefd9f7000 	C:\Windows\system32\GDI32.dll
0x000007fefdda0000 - 0x000007fefddae000 	C:\Windows\system32\LPK.dll
0x000007fefdc70000 - 0x000007fefdd39000 	C:\Windows\system32\USP10.dll
0x000007fefbec0000 - 0x000007fefc0b4000 	C:\Windows\WinSxS\amd64_microsoft.windows.common-controls_6595b64144ccf1df_6.0.7601.17514_none_fa396087175ac9ac\COMCTL32.dll
0x000007feff290000 - 0x000007feff301000 	C:\Windows\system32\SHLWAPI.dll
0x000007fefef50000 - 0x000007fefef7e000 	C:\Windows\system32\IMM32.DLL
0x000007fefde50000 - 0x000007fefdf59000 	C:\Windows\system32\MSCTF.dll
0x000000006d9e0000 - 0x000000006dab2000 	C:\Program Files\Java\jre8\bin\msvcr100.dll
0x00000000687c0000 - 0x0000000068fea000 	C:\Program Files\Java\jre8\bin\server\jvm.dll
0x000007fefbd20000 - 0x000007fefbd29000 	C:\Windows\system32\WSOCK32.dll
0x000007fefef00000 - 0x000007fefef4d000 	C:\Windows\system32\WS2_32.dll
0x000007feff6c0000 - 0x000007feff6c8000 	C:\Windows\system32\NSI.dll
0x000007fefd640000 - 0x000007fefd67b000 	C:\Windows\system32\WINMM.dll
0x0000000077b10000 - 0x0000000077b17000 	C:\Windows\system32\PSAPI.DLL
0x0000000074450000 - 0x000000007445f000 	C:\Program Files\Java\jre8\bin\verify.dll
0x0000000074420000 - 0x0000000074448000 	C:\Program Files\Java\jre8\bin\java.dll
0x0000000072800000 - 0x0000000072816000 	C:\Program Files\Java\jre8\bin\zip.dll
0x000007fefe000000 - 0x000007fefed88000 	C:\Windows\system32\SHELL32.dll
0x000007feff080000 - 0x000007feff283000 	C:\Windows\system32\ole32.dll
0x000007fefd530000 - 0x000007fefd53f000 	C:\Windows\system32\profapi.dll
0x000007feea9f0000 - 0x000007feeab15000 	C:\Windows\system32\dbghelp.dll

VM Arguments:
jvm_args: -Dfile.encoding=GBK 
java_command: divide_word.divide_word
java_class_path (initial): C:\Users\Administrator\Desktop\eclipse coding\divide_word\bin;C:\Users\Administrator\Desktop\FudanNLP-1.6.1\lib\commons-cli-1.2.jar;C:\Users\Administrator\Desktop\FudanNLP-1.6.1\lib\lucene-core-4.0.0.jar;C:\Users\Administrator\Desktop\FudanNLP-1.6.1\lib\lucene-queryparser-4.0.0.jar;C:\Users\Administrator\Desktop\FudanNLP-1.6.1\lib\trove.jar;C:\Users\Administrator\Desktop\FudanNLP-1.6.1\fudannlp.jar
Launcher Type: SUN_STANDARD

Environment Variables:
JAVA_HOME=C:\Program Files\jdk1.8.0_11
PATH=C:\Windows\system32;C:\Windows;C:\Windows\System32\Wbem;C:\Windows\System32\WindowsPowerShell\v1.0\;C:\Program Files (x86)\ATI Technologies\ATI.ACE\Core-Static;C:\Program Files (x86)\Windows Kits\8.1\Windows Performance Toolkit\;C:\Program Files\Microsoft SQL Server\110\Tools\Binn\;C:\Program Files\Java\jre8\\bin;C:\Windows\system32;C:\Windows;C:\Windows\System32\Wbem;C:\Windows\System32\WindowsPowerShell\v1.0\;C:\Program Files (x86)\ATI Technologies\ATI.ACE\Core-Static;C:\Program Files (x86)\Windows Kits\8.1\Windows Performance Toolkit\;C:\Program Files\Microsoft SQL Server\110\Tools\Binn\;C:\Program Files\jdk1.8.0_11\bin;
USERNAME=Administrator
OS=Windows_NT
PROCESSOR_IDENTIFIER=AMD64 Family 21 Model 16 Stepping 1, AuthenticAMD



---------------  S Y S T E M  ---------------

OS: Windows 7 , 64 bit Build 7601 Service Pack 1

CPU:total 4 (4 cores per cpu, 1 threads per core) family 21 model 16 stepping 1, cmov, cx8, fxsr, mmx, sse, sse2, sse3, ssse3, sse4.1, sse4.2, popcnt, avx, aes, clmul, mmxext, 3dnowpref, lzcnt, sse4a, tsc, tscinvbit

Memory: 4k page, physical 3597288k(850320k free), swap 7192712k(1981824k free)

vm_info: Java HotSpot(TM) 64-Bit Server VM (25.11-b03) for windows-amd64 JRE (1.8.0_11-b12), built on Jun 16 2014 20:57:32 by "java_re" with MS VC++ 10.0 (VS2010)

time: Tue Sep 23 21:30:18 2014
elapsed time: 1 seconds

